/var/www/Team16Website/garden_net/gn_util/controller_interface.py:244: SyntaxWarning: name 'last_message' is assigned to before global declaration
  global last_message
Traceback (most recent call last):
  File "/var/www/Team16Website/garden_net/gn_util/controller_interface.py", line 264, in <module>
    for sock in ready_to_read:
KeyboardInterrupt
/var/www/Team16Website/garden_net/gn_util/controller_interface.py:244: SyntaxWarning: name 'last_message' is assigned to before global declaration
  global last_message
Traceback (most recent call last):
  File "/var/www/Team16Website/garden_net/gn_util/controller_interface.py", line 261, in <module>
    if len(EVENT_LIST) != 0 or last_message:
KeyboardInterrupt
/var/www/Team16Website/garden_net/gn_util/controller_interface.py:244: SyntaxWarning: name 'last_message' is assigned to before global declaration
  global last_message
Traceback (most recent call last):
  File "/var/www/Team16Website/garden_net/gn_util/controller_interface.py", line 43, in <module>
    from gateway_report import Report
  File "/var/www/Team16Website/garden_net/gn_util/gateway_report.py", line 1, in <module>
    from historical_database_interface import Historical_Database_Interface
  File "/var/www/Team16Website/garden_net/gn_util/historical_database_interface.py", line 2, in <module>
    from pytz import timezone
  File "/usr/local/lib/python3.4/dist-packages/pytz/__init__.py", line 29, in <module>
    from pkg_resources import resource_stream
  File "/usr/lib/python3/dist-packages/pkg_resources.py", line 22, in <module>
    import zipfile
  File "/usr/lib/python3.4/zipfile.py", line 31, in <module>
    import lzma # We may need its compression method
  File "<frozen importlib._bootstrap>", line 2237, in _find_and_load
  File "<frozen importlib._bootstrap>", line 2226, in _find_and_load_unlocked
  File "<frozen importlib._bootstrap>", line 1200, in _load_unlocked
  File "<frozen importlib._bootstrap>", line 1129, in _exec
  File "<frozen importlib._bootstrap>", line 1467, in exec_module
  File "<frozen importlib._bootstrap>", line 1570, in get_code
  File "<frozen importlib._bootstrap>", line 656, in _compile_bytecode
KeyboardInterrupt
/var/www/Team16Website/garden_net/gn_util/controller_interface.py:247: SyntaxWarning: name 'last_message' is assigned to before global declaration
  global last_message
Traceback (most recent call last):
  File "/var/www/Team16Website/garden_net/gn_util/controller_interface.py", line 264, in <module>
    if len(EVENT_LIST) != 0 or last_message:
KeyboardInterrupt
